Using pre-set license
Built from '2021.3/staging' branch; Version is '2021.3.3f1 (af2e63e8f9bd) revision 11480675'; Using compiler version '192829333'; Build Type 'Release'
OS: 'Windows 10  (10.0.19045) 64bit Professional' Language: 'es' Physical Memory: 32565 MB
BatchMode: 1, IsHumanControllingUs: 0, StartBugReporterOnCrash: 0, Is64bit: 1, IsPro: 1

COMMAND LINE ARGUMENTS:
C:\Program Files\Unity\Hub\Editor\2021.3.3f1\Editor\Unity.exe
-adb2
-batchMode
-noUpm
-name
AssetImportWorker0
-projectPath
D:/Prog 3D 2/endless runner
-logFile
Logs/AssetImportWorker0.log
-srvPort
50296
Successfully changed project path to: D:/Prog 3D 2/endless runner
D:/Prog 3D 2/endless runner
[UnityMemory] Configuration Parameters - Can be set up in boot.config
    "memorysetup-bucket-allocator-granularity=16"
    "memorysetup-bucket-allocator-bucket-count=8"
    "memorysetup-bucket-allocator-block-size=33554432"
    "memorysetup-bucket-allocator-block-count=8"
    "memorysetup-main-allocator-block-size=16777216"
    "memorysetup-thread-allocator-block-size=16777216"
    "memorysetup-gfx-main-allocator-block-size=16777216"
    "memorysetup-gfx-thread-allocator-block-size=16777216"
    "memorysetup-cache-allocator-block-size=4194304"
    "memorysetup-typetree-allocator-block-size=2097152"
    "memorysetup-profiler-bucket-allocator-granularity=16"
    "memorysetup-profiler-bucket-allocator-bucket-count=8"
    "memorysetup-profiler-bucket-allocator-block-size=33554432"
    "memorysetup-profiler-bucket-allocator-block-count=8"
    "memorysetup-profiler-allocator-block-size=16777216"
    "memorysetup-profiler-editor-allocator-block-size=1048576"
    "memorysetup-temp-allocator-size-main=16777216"
    "memorysetup-job-temp-allocator-block-size=2097152"
    "memorysetup-job-temp-allocator-block-size-background=1048576"
    "memorysetup-job-temp-allocator-reduction-small-platforms=262144"
    "memorysetup-temp-allocator-size-background-worker=32768"
    "memorysetup-temp-allocator-size-job-worker=262144"
    "memorysetup-temp-allocator-size-preload-manager=33554432"
    "memorysetup-temp-allocator-size-nav-mesh-worker=65536"
    "memorysetup-temp-allocator-size-audio-worker=65536"
    "memorysetup-temp-allocator-size-cloud-worker=32768"
    "memorysetup-temp-allocator-size-gi-baking-worker=262144"
    "memorysetup-temp-allocator-size-gfx=262144"
Refreshing native plugins compatible for Editor in 81.77 ms, found 3 plugins.
Preloading 0 native plugins for Editor in 0.00 ms.
Initialize engine version: 2021.3.3f1 (af2e63e8f9bd)
[Subsystems] Discovering subsystems at path C:/Program Files/Unity/Hub/Editor/2021.3.3f1/Editor/Data/Resources/UnitySubsystems
[Subsystems] Discovering subsystems at path D:/Prog 3D 2/endless runner/Assets
GfxDevice: creating device client; threaded=0; jobified=0
Direct3D:
    Version:  Direct3D 11.0 [level 11.1]
    Renderer: NVIDIA GeForce RTX 2060 (ID=0x1e89)
    Vendor:   NVIDIA
    VRAM:     5958 MB
    Driver:   31.0.15.3129
Initialize mono
Mono path[0] = 'C:/Program Files/Unity/Hub/Editor/2021.3.3f1/Editor/Data/Managed'
Mono path[1] = 'C:/Program Files/Unity/Hub/Editor/2021.3.3f1/Editor/Data/MonoBleedingEdge/lib/mono/unityjit-win32'
Mono config path = 'C:/Program Files/Unity/Hub/Editor/2021.3.3f1/Editor/Data/MonoBleedingEdge/etc'
Using monoOptions --debugger-agent=transport=dt_socket,embedding=1,server=y,suspend=n,address=127.0.0.1:56792
Begin MonoManager ReloadAssembly
Registering precompiled unity dll's ...
Register platform support module: C:/Program Files/Unity/Hub/Editor/2021.3.3f1/Editor/Data/PlaybackEngines/AndroidPlayer/UnityEditor.Android.Extensions.dll
Register platform support module: C:/Program Files/Unity/Hub/Editor/2021.3.3f1/Editor/Data/PlaybackEngines/WindowsStandaloneSupport/UnityEditor.WindowsStandalone.Extensions.dll
Registered in 0.003595 seconds.
Native extension for WindowsStandalone target not found
Native extension for Android target not found
Refreshing native plugins compatible for Editor in 73.81 ms, found 3 plugins.
Preloading 0 native plugins for Editor in 0.00 ms.
Mono: successfully reloaded assembly
- Completed reload, in  0.564 seconds
Domain Reload Profiling:
	ReloadAssembly (565ms)
		BeginReloadAssembly (60ms)
			ExecutionOrderSort (0ms)
			DisableScriptedObjects (0ms)
			BackupInstance (0ms)
			ReleaseScriptingObjects (0ms)
			CreateAndSetChildDomain (1ms)
		EndReloadAssembly (410ms)
			LoadAssemblies (58ms)
			RebuildTransferFunctionScriptingTraits (0ms)
			SetupTypeCache (95ms)
			ReleaseScriptCaches (0ms)
			RebuildScriptCaches (24ms)
			SetupLoadedEditorAssemblies (249ms)
				LogAssemblyErrors (0ms)
				InitializePlatformSupportModulesInManaged (50ms)
				SetLoadedEditorAssemblies (0ms)
				RefreshPlugins (74ms)
				BeforeProcessingInitializeOnLoad (1ms)
				ProcessInitializeOnLoadAttributes (84ms)
				ProcessInitializeOnLoadMethodAttributes (39ms)
				AfterProcessingInitializeOnLoad (0ms)
				EditorAssembliesLoaded (0ms)
			ExecutionOrderSort2 (0ms)
			AwakeInstancesAfterBackupRestoration (0ms)
Platform modules already initialized, skipping
Registering precompiled user dll's ...
Registered in 0.002372 seconds.
Begin MonoManager ReloadAssembly
Symbol file LoadedFromMemory doesn't match image D:\Prog 3D 2\endless runner\Library\PackageCache\com.unity.visualscripting@1.7.6\Editor\VisualScripting.Core\Dependencies\YamlDotNet\Unity.VisualScripting.YamlDotNet.dll
Symbol file LoadedFromMemory doesn't match image D:\Prog 3D 2\endless runner\Library\PackageCache\com.unity.visualscripting@1.7.6\Editor\VisualScripting.Core\Dependencies\DotNetZip\Unity.VisualScripting.IonicZip.dll
Native extension for WindowsStandalone target not found
Native extension for Android target not found
Refreshing native plugins compatible for Editor in 0.59 ms, found 3 plugins.
Preloading 0 native plugins for Editor in 0.00 ms.
Mono: successfully reloaded assembly
- Completed reload, in  1.015 seconds
Domain Reload Profiling:
	ReloadAssembly (1016ms)
		BeginReloadAssembly (209ms)
			ExecutionOrderSort (0ms)
			DisableScriptedObjects (7ms)
			BackupInstance (0ms)
			ReleaseScriptingObjects (0ms)
			CreateAndSetChildDomain (123ms)
		EndReloadAssembly (707ms)
			LoadAssemblies (62ms)
			RebuildTransferFunctionScriptingTraits (0ms)
			SetupTypeCache (239ms)
			ReleaseScriptCaches (0ms)
			RebuildScriptCaches (45ms)
			SetupLoadedEditorAssemblies (321ms)
				LogAssemblyErrors (0ms)
				InitializePlatformSupportModulesInManaged (12ms)
				SetLoadedEditorAssemblies (1ms)
				RefreshPlugins (1ms)
				BeforeProcessingInitializeOnLoad (74ms)
				ProcessInitializeOnLoadAttributes (206ms)
				ProcessInitializeOnLoadMethodAttributes (23ms)
				AfterProcessingInitializeOnLoad (4ms)
				EditorAssembliesLoaded (0ms)
			ExecutionOrderSort2 (0ms)
			AwakeInstancesAfterBackupRestoration (4ms)
Platform modules already initialized, skipping
========================================================================
Worker process is ready to serve import requests
Launched and connected shader compiler UnityShaderCompiler.exe after 0.04 seconds
Refreshing native plugins compatible for Editor in 1.23 ms, found 3 plugins.
Preloading 0 native plugins for Editor in 0.00 ms.
Unloading 3367 Unused Serialized files (Serialized files now loaded: 0)
Unloading 26 unused Assets / (112.2 KB). Loaded Objects now: 3826.
Memory consumption went from 115.9 MB to 115.8 MB.
Total: 4.200300 ms (FindLiveObjects: 0.223100 ms CreateObjectMapping: 0.104600 ms MarkObjects: 3.757700 ms  DeleteObjects: 0.113400 ms)

AssetImportParameters requested are different than current active one (requested -> active):
  custom:video-decoder-ogg-theora: a1e56fd34408186e4bbccfd4996cb3dc -> 
  custom:container-muxer-webm: aa71ff27fc2769a1b78a27578f13a17b -> 
  custom:container-demuxer-webm: 4f35f7cbe854078d1ac9338744f61a02 -> 
  custom:video-encoder-webm-vp8: eb34c28f22e8b96e1ab97ce403110664 -> 
  custom:audio-encoder-webm-vorbis: bf7c407c2cedff20999df2af8eb42d56 -> 
  custom:framework-win-MediaFoundation: 216162199b28c13a410421893ffa2e32 -> 
  custom:container-demuxer-ogg: 62fdf1f143b41e24485cea50d1cbac27 -> 
  custom:video-decoder-webm-vp8: 9c59270c3fd7afecdb556c50c9e8de78 -> 
  custom:audio-decoder-ogg-vorbis: bf7c407c2cedff20999df2af8eb42d56 -> 
========================================================================
Received Import Request.
  Time since last request: 1063332.427462 seconds.
  path: Assets/materiales/Materials
  artifactKey: Guid(bfefebcbe5f13b4479d51a71b6e82cd1) Importer(815301076,1909f56bfc062723c751e8b465ee728b)
Start importing Assets/materiales/Materials using Guid(bfefebcbe5f13b4479d51a71b6e82cd1) Importer(815301076,1909f56bfc062723c751e8b465ee728b)  -> (artifact id: '04f7be1c843caeb168f05b7fc8bea883') in 0.010370 seconds 
========================================================================
Received Import Request.
  Time since last request: 0.029413 seconds.
  path: Assets/materiales/Materials/piso.mat
  artifactKey: Guid(69efbf894628ce94fa223e0eb31be545) Importer(815301076,1909f56bfc062723c751e8b465ee728b)
Start importing Assets/materiales/Materials/piso.mat using Guid(69efbf894628ce94fa223e0eb31be545) Importer(815301076,1909f56bfc062723c751e8b465ee728b)  -> (artifact id: 'c03561754ff66d1fed4baa3da63f0641') in 0.103226 seconds 
========================================================================
Received Import Request.
  Time since last request: 209.966746 seconds.
  path: Assets/modelos/Edificios
  artifactKey: Guid(eb68c07f963d5984b9645ba0d107fab0) Importer(815301076,1909f56bfc062723c751e8b465ee728b)
Start importing Assets/modelos/Edificios using Guid(eb68c07f963d5984b9645ba0d107fab0) Importer(815301076,1909f56bfc062723c751e8b465ee728b)  -> (artifact id: '510b6e8a54039ddf481e978660cafb49') in 0.009301 seconds 
========================================================================
Received Import Request.
  Time since last request: 0.886698 seconds.
  path: Assets/modelos/Edificios/source
  artifactKey: Guid(b8128f4c0f868134cb25652ae9fed883) Importer(815301076,1909f56bfc062723c751e8b465ee728b)
Start importing Assets/modelos/Edificios/source using Guid(b8128f4c0f868134cb25652ae9fed883) Importer(815301076,1909f56bfc062723c751e8b465ee728b)  -> (artifact id: '6db45dfa8c8111c5d3c160eb93dc4b39') in 0.005771 seconds 
========================================================================
Received Import Request.
  Time since last request: 0.023110 seconds.
  path: Assets/modelos/Edificios/source/BUILDINGS.fbx
  artifactKey: Guid(2685c18b68fd01a4aa207486f47a428f) Importer(815301076,1909f56bfc062723c751e8b465ee728b)
Start importing Assets/modelos/Edificios/source/BUILDINGS.fbx using Guid(2685c18b68fd01a4aa207486f47a428f) Importer(815301076,1909f56bfc062723c751e8b465ee728b)  -> (artifact id: 'a7645a93ebff51c7708c706ffe6940b6') in 0.217706 seconds 
========================================================================
Received Prepare
Registering precompiled user dll's ...
Registered in 0.002247 seconds.
Begin MonoManager ReloadAssembly
Symbol file LoadedFromMemory doesn't match image D:\Prog 3D 2\endless runner\Library\PackageCache\com.unity.visualscripting@1.7.6\Editor\VisualScripting.Core\Dependencies\YamlDotNet\Unity.VisualScripting.YamlDotNet.dll
Symbol file LoadedFromMemory doesn't match image D:\Prog 3D 2\endless runner\Library\PackageCache\com.unity.visualscripting@1.7.6\Editor\VisualScripting.Core\Dependencies\DotNetZip\Unity.VisualScripting.IonicZip.dll
Native extension for WindowsStandalone target not found
Native extension for Android target not found
Refreshing native plugins compatible for Editor in 0.65 ms, found 3 plugins.
Preloading 0 native plugins for Editor in 0.00 ms.
Mono: successfully reloaded assembly
- Completed reload, in  0.942 seconds
Domain Reload Profiling:
	ReloadAssembly (942ms)
		BeginReloadAssembly (118ms)
			ExecutionOrderSort (0ms)
			DisableScriptedObjects (3ms)
			BackupInstance (0ms)
			ReleaseScriptingObjects (0ms)
			CreateAndSetChildDomain (34ms)
		EndReloadAssembly (738ms)
			LoadAssemblies (64ms)
			RebuildTransferFunctionScriptingTraits (0ms)
			SetupTypeCache (250ms)
			ReleaseScriptCaches (2ms)
			RebuildScriptCaches (39ms)
			SetupLoadedEditorAssemblies (335ms)
				LogAssemblyErrors (0ms)
				InitializePlatformSupportModulesInManaged (24ms)
				SetLoadedEditorAssemblies (1ms)
				RefreshPlugins (1ms)
				BeforeProcessingInitializeOnLoad (66ms)
				ProcessInitializeOnLoadAttributes (205ms)
				ProcessInitializeOnLoadMethodAttributes (32ms)
				AfterProcessingInitializeOnLoad (6ms)
				EditorAssembliesLoaded (0ms)
			ExecutionOrderSort2 (0ms)
			AwakeInstancesAfterBackupRestoration (7ms)
Platform modules already initialized, skipping
Refreshing native plugins compatible for Editor in 2.47 ms, found 3 plugins.
Preloading 0 native plugins for Editor in 0.00 ms.
Unloading 3362 Unused Serialized files (Serialized files now loaded: 0)
Unloading 19 unused Assets / (78.9 KB). Loaded Objects now: 3871.
Memory consumption went from 120.7 MB to 120.6 MB.
Total: 2.618300 ms (FindLiveObjects: 0.211800 ms CreateObjectMapping: 0.115100 ms MarkObjects: 2.204600 ms  DeleteObjects: 0.085600 ms)

AssetImportParameters requested are different than current active one (requested -> active):
  custom:video-decoder-ogg-theora: a1e56fd34408186e4bbccfd4996cb3dc -> 
  custom:container-muxer-webm: aa71ff27fc2769a1b78a27578f13a17b -> 
  custom:container-demuxer-webm: 4f35f7cbe854078d1ac9338744f61a02 -> 
  custom:video-encoder-webm-vp8: eb34c28f22e8b96e1ab97ce403110664 -> 
  custom:audio-encoder-webm-vorbis: bf7c407c2cedff20999df2af8eb42d56 -> 
  custom:framework-win-MediaFoundation: 216162199b28c13a410421893ffa2e32 -> 
  custom:container-demuxer-ogg: 62fdf1f143b41e24485cea50d1cbac27 -> 
  custom:video-decoder-webm-vp8: 9c59270c3fd7afecdb556c50c9e8de78 -> 
  custom:audio-decoder-ogg-vorbis: bf7c407c2cedff20999df2af8eb42d56 -> 
========================================================================
Received Prepare
Registering precompiled user dll's ...
Registered in 0.003928 seconds.
Begin MonoManager ReloadAssembly
Symbol file LoadedFromMemory doesn't match image D:\Prog 3D 2\endless runner\Library\PackageCache\com.unity.visualscripting@1.7.6\Editor\VisualScripting.Core\Dependencies\YamlDotNet\Unity.VisualScripting.YamlDotNet.dll
Symbol file LoadedFromMemory doesn't match image D:\Prog 3D 2\endless runner\Library\PackageCache\com.unity.visualscripting@1.7.6\Editor\VisualScripting.Core\Dependencies\DotNetZip\Unity.VisualScripting.IonicZip.dll
Native extension for WindowsStandalone target not found
Native extension for Android target not found
Refreshing native plugins compatible for Editor in 0.49 ms, found 3 plugins.
Preloading 0 native plugins for Editor in 0.00 ms.
Mono: successfully reloaded assembly
- Completed reload, in  0.929 seconds
Domain Reload Profiling:
	ReloadAssembly (930ms)
		BeginReloadAssembly (124ms)
			ExecutionOrderSort (0ms)
			DisableScriptedObjects (6ms)
			BackupInstance (0ms)
			ReleaseScriptingObjects (0ms)
			CreateAndSetChildDomain (35ms)
		EndReloadAssembly (713ms)
			LoadAssemblies (72ms)
			RebuildTransferFunctionScriptingTraits (0ms)
			SetupTypeCache (243ms)
			ReleaseScriptCaches (2ms)
			RebuildScriptCaches (45ms)
			SetupLoadedEditorAssemblies (311ms)
				LogAssemblyErrors (0ms)
				InitializePlatformSupportModulesInManaged (24ms)
				SetLoadedEditorAssemblies (0ms)
				RefreshPlugins (1ms)
				BeforeProcessingInitializeOnLoad (62ms)
				ProcessInitializeOnLoadAttributes (188ms)
				ProcessInitializeOnLoadMethodAttributes (29ms)
				AfterProcessingInitializeOnLoad (7ms)
				EditorAssembliesLoaded (0ms)
			ExecutionOrderSort2 (0ms)
			AwakeInstancesAfterBackupRestoration (7ms)
Platform modules already initialized, skipping
Refreshing native plugins compatible for Editor in 1.23 ms, found 3 plugins.
Preloading 0 native plugins for Editor in 0.00 ms.
Unloading 3362 Unused Serialized files (Serialized files now loaded: 0)
Unloading 19 unused Assets / (79.0 KB). Loaded Objects now: 3874.
Memory consumption went from 120.7 MB to 120.6 MB.
Total: 2.317800 ms (FindLiveObjects: 0.195900 ms CreateObjectMapping: 0.136300 ms MarkObjects: 1.914100 ms  DeleteObjects: 0.069900 ms)

AssetImportParameters requested are different than current active one (requested -> active):
  custom:video-decoder-ogg-theora: a1e56fd34408186e4bbccfd4996cb3dc -> 
  custom:container-muxer-webm: aa71ff27fc2769a1b78a27578f13a17b -> 
  custom:container-demuxer-webm: 4f35f7cbe854078d1ac9338744f61a02 -> 
  custom:video-encoder-webm-vp8: eb34c28f22e8b96e1ab97ce403110664 -> 
  custom:audio-encoder-webm-vorbis: bf7c407c2cedff20999df2af8eb42d56 -> 
  custom:framework-win-MediaFoundation: 216162199b28c13a410421893ffa2e32 -> 
  custom:container-demuxer-ogg: 62fdf1f143b41e24485cea50d1cbac27 -> 
  custom:video-decoder-webm-vp8: 9c59270c3fd7afecdb556c50c9e8de78 -> 
  custom:audio-decoder-ogg-vorbis: bf7c407c2cedff20999df2af8eb42d56 -> 
========================================================================
Received Import Request.
  Time since last request: 208.630236 seconds.
  path: Assets/modelos/Tronco/source/Trunk.fbx
  artifactKey: Guid(8273a3b5aa8574b43ab120aaee82e9f6) Importer(815301076,1909f56bfc062723c751e8b465ee728b)
Start importing Assets/modelos/Tronco/source/Trunk.fbx using Guid(8273a3b5aa8574b43ab120aaee82e9f6) Importer(815301076,1909f56bfc062723c751e8b465ee728b)  -> (artifact id: '945638cb7d18ea3e04aef9f234c28637') in 0.181117 seconds 
========================================================================
Received Import Request.
  Time since last request: 1.806274 seconds.
  path: Assets/modelos/Piedra/source/StylizedStone.fbx
  artifactKey: Guid(28d65619a5a82ca4a8d567b39d139d63) Importer(815301076,1909f56bfc062723c751e8b465ee728b)
Start importing Assets/modelos/Piedra/source/StylizedStone.fbx using Guid(28d65619a5a82ca4a8d567b39d139d63) Importer(815301076,1909f56bfc062723c751e8b465ee728b)  -> (artifact id: 'ba39eebfe2ab5fa36ccb87d10604781c') in 0.201982 seconds 
========================================================================
Received Import Request.
  Time since last request: 4.879984 seconds.
  path: Assets/modelos/Obstaculo Abajo/source/obstacles_down.fbx
  artifactKey: Guid(5586e9cc97ac2104ba793ff706ecda11) Importer(815301076,1909f56bfc062723c751e8b465ee728b)
Start importing Assets/modelos/Obstaculo Abajo/source/obstacles_down.fbx using Guid(5586e9cc97ac2104ba793ff706ecda11) Importer(815301076,1909f56bfc062723c751e8b465ee728b)  -> (artifact id: 'd3349eed6f811d68de108a8f9d0c7d5a') in 0.085129 seconds 
========================================================================
Received Prepare
Registering precompiled user dll's ...
Registered in 0.002594 seconds.
Begin MonoManager ReloadAssembly
Symbol file LoadedFromMemory doesn't match image D:\Prog 3D 2\endless runner\Library\PackageCache\com.unity.visualscripting@1.7.6\Editor\VisualScripting.Core\Dependencies\YamlDotNet\Unity.VisualScripting.YamlDotNet.dll
Symbol file LoadedFromMemory doesn't match image D:\Prog 3D 2\endless runner\Library\PackageCache\com.unity.visualscripting@1.7.6\Editor\VisualScripting.Core\Dependencies\DotNetZip\Unity.VisualScripting.IonicZip.dll
Native extension for WindowsStandalone target not found
Native extension for Android target not found
Refreshing native plugins compatible for Editor in 0.54 ms, found 3 plugins.
Preloading 0 native plugins for Editor in 0.00 ms.
Mono: successfully reloaded assembly
- Completed reload, in  0.935 seconds
Domain Reload Profiling:
	ReloadAssembly (936ms)
		BeginReloadAssembly (120ms)
			ExecutionOrderSort (0ms)
			DisableScriptedObjects (3ms)
			BackupInstance (0ms)
			ReleaseScriptingObjects (0ms)
			CreateAndSetChildDomain (35ms)
		EndReloadAssembly (725ms)
			LoadAssemblies (71ms)
			RebuildTransferFunctionScriptingTraits (0ms)
			SetupTypeCache (249ms)
			ReleaseScriptCaches (1ms)
			RebuildScriptCaches (34ms)
			SetupLoadedEditorAssemblies (332ms)
				LogAssemblyErrors (0ms)
				InitializePlatformSupportModulesInManaged (21ms)
				SetLoadedEditorAssemblies (0ms)
				RefreshPlugins (1ms)
				BeforeProcessingInitializeOnLoad (64ms)
				ProcessInitializeOnLoadAttributes (205ms)
				ProcessInitializeOnLoadMethodAttributes (33ms)
				AfterProcessingInitializeOnLoad (8ms)
				EditorAssembliesLoaded (0ms)
			ExecutionOrderSort2 (0ms)
			AwakeInstancesAfterBackupRestoration (5ms)
Platform modules already initialized, skipping
Refreshing native plugins compatible for Editor in 1.72 ms, found 3 plugins.
Preloading 0 native plugins for Editor in 0.00 ms.
Unloading 3362 Unused Serialized files (Serialized files now loaded: 0)
Unloading 19 unused Assets / (79.1 KB). Loaded Objects now: 3877.
Memory consumption went from 120.7 MB to 120.6 MB.
Total: 2.598800 ms (FindLiveObjects: 0.203000 ms CreateObjectMapping: 0.119700 ms MarkObjects: 2.180000 ms  DeleteObjects: 0.095000 ms)

AssetImportParameters requested are different than current active one (requested -> active):
  custom:video-decoder-ogg-theora: a1e56fd34408186e4bbccfd4996cb3dc -> 
  custom:container-muxer-webm: aa71ff27fc2769a1b78a27578f13a17b -> 
  custom:container-demuxer-webm: 4f35f7cbe854078d1ac9338744f61a02 -> 
  custom:video-encoder-webm-vp8: eb34c28f22e8b96e1ab97ce403110664 -> 
  custom:audio-encoder-webm-vorbis: bf7c407c2cedff20999df2af8eb42d56 -> 
  custom:framework-win-MediaFoundation: 216162199b28c13a410421893ffa2e32 -> 
  custom:container-demuxer-ogg: 62fdf1f143b41e24485cea50d1cbac27 -> 
  custom:video-decoder-webm-vp8: 9c59270c3fd7afecdb556c50c9e8de78 -> 
  custom:audio-decoder-ogg-vorbis: bf7c407c2cedff20999df2af8eb42d56 -> 
========================================================================
Received Prepare
Registering precompiled user dll's ...
Registered in 0.002582 seconds.
Begin MonoManager ReloadAssembly
Symbol file LoadedFromMemory doesn't match image D:\Prog 3D 2\endless runner\Library\PackageCache\com.unity.visualscripting@1.7.6\Editor\VisualScripting.Core\Dependencies\YamlDotNet\Unity.VisualScripting.YamlDotNet.dll
Symbol file LoadedFromMemory doesn't match image D:\Prog 3D 2\endless runner\Library\PackageCache\com.unity.visualscripting@1.7.6\Editor\VisualScripting.Core\Dependencies\DotNetZip\Unity.VisualScripting.IonicZip.dll
Native extension for WindowsStandalone target not found
Native extension for Android target not found
Refreshing native plugins compatible for Editor in 0.54 ms, found 3 plugins.
Preloading 0 native plugins for Editor in 0.00 ms.
Mono: successfully reloaded assembly
- Completed reload, in  0.978 seconds
Domain Reload Profiling:
	ReloadAssembly (979ms)
		BeginReloadAssembly (156ms)
			ExecutionOrderSort (0ms)
			DisableScriptedObjects (6ms)
			BackupInstance (0ms)
			ReleaseScriptingObjects (0ms)
			CreateAndSetChildDomain (39ms)
		EndReloadAssembly (736ms)
			LoadAssemblies (81ms)
			RebuildTransferFunctionScriptingTraits (0ms)
			SetupTypeCache (266ms)
			ReleaseScriptCaches (3ms)
			RebuildScriptCaches (40ms)
			SetupLoadedEditorAssemblies (315ms)
				LogAssemblyErrors (0ms)
				InitializePlatformSupportModulesInManaged (23ms)
				SetLoadedEditorAssemblies (0ms)
				RefreshPlugins (1ms)
				BeforeProcessingInitializeOnLoad (62ms)
				ProcessInitializeOnLoadAttributes (198ms)
				ProcessInitializeOnLoadMethodAttributes (26ms)
				AfterProcessingInitializeOnLoad (4ms)
				EditorAssembliesLoaded (0ms)
			ExecutionOrderSort2 (0ms)
			AwakeInstancesAfterBackupRestoration (4ms)
Platform modules already initialized, skipping
Refreshing native plugins compatible for Editor in 1.61 ms, found 3 plugins.
Preloading 0 native plugins for Editor in 0.00 ms.
Unloading 3362 Unused Serialized files (Serialized files now loaded: 0)
Unloading 19 unused Assets / (79.0 KB). Loaded Objects now: 3880.
Memory consumption went from 120.7 MB to 120.7 MB.
Total: 2.306300 ms (FindLiveObjects: 0.204100 ms CreateObjectMapping: 0.104100 ms MarkObjects: 1.927000 ms  DeleteObjects: 0.070100 ms)

AssetImportParameters requested are different than current active one (requested -> active):
  custom:video-decoder-ogg-theora: a1e56fd34408186e4bbccfd4996cb3dc -> 
  custom:container-muxer-webm: aa71ff27fc2769a1b78a27578f13a17b -> 
  custom:container-demuxer-webm: 4f35f7cbe854078d1ac9338744f61a02 -> 
  custom:video-encoder-webm-vp8: eb34c28f22e8b96e1ab97ce403110664 -> 
  custom:audio-encoder-webm-vorbis: bf7c407c2cedff20999df2af8eb42d56 -> 
  custom:framework-win-MediaFoundation: 216162199b28c13a410421893ffa2e32 -> 
  custom:container-demuxer-ogg: 62fdf1f143b41e24485cea50d1cbac27 -> 
  custom:video-decoder-webm-vp8: 9c59270c3fd7afecdb556c50c9e8de78 -> 
  custom:audio-decoder-ogg-vorbis: bf7c407c2cedff20999df2af8eb42d56 -> 
========================================================================
Received Import Request.
  Time since last request: 1618.702632 seconds.
  path: Assets/prefabs/edificios left.prefab
  artifactKey: Guid(d0d9433b31609154ca398a17d84e088a) Importer(815301076,1909f56bfc062723c751e8b465ee728b)
Start importing Assets/prefabs/edificios left.prefab using Guid(d0d9433b31609154ca398a17d84e088a) Importer(815301076,1909f56bfc062723c751e8b465ee728b)  -> (artifact id: 'bfdf9a87fa121333041d344c8eb61b64') in 0.087191 seconds 
========================================================================
Received Import Request.
  Time since last request: 29.760095 seconds.
  path: Assets/modelos/Cupcake
  artifactKey: Guid(3598e9979ab72b24ca367635ba69cd5e) Importer(815301076,1909f56bfc062723c751e8b465ee728b)
Start importing Assets/modelos/Cupcake using Guid(3598e9979ab72b24ca367635ba69cd5e) Importer(815301076,1909f56bfc062723c751e8b465ee728b)  -> (artifact id: '0cddfbbf6d4aa1741b313d7ca98832fa') in 0.005756 seconds 
========================================================================
Received Import Request.
  Time since last request: 1.057007 seconds.
  path: Assets/modelos/Cupcake/source
  artifactKey: Guid(6da2ec304dafe5f45a97b5611f060618) Importer(815301076,1909f56bfc062723c751e8b465ee728b)
Start importing Assets/modelos/Cupcake/source using Guid(6da2ec304dafe5f45a97b5611f060618) Importer(815301076,1909f56bfc062723c751e8b465ee728b)  -> (artifact id: 'c75929d2e48ff3a86d028292970ac63b') in 0.002391 seconds 
========================================================================
Received Import Request.
  Time since last request: 114.313826 seconds.
  path: Assets/prefabs/Sphere.prefab
  artifactKey: Guid(e799190481e16e74f988ea90b4b886d0) Importer(815301076,1909f56bfc062723c751e8b465ee728b)
Start importing Assets/prefabs/Sphere.prefab using Guid(e799190481e16e74f988ea90b4b886d0) Importer(815301076,1909f56bfc062723c751e8b465ee728b)  -> (artifact id: '4eeed636e4b324b08ac9a1e212b424d0') in 0.065994 seconds 
========================================================================
Received Import Request.
  Time since last request: 16.448933 seconds.
  path: Assets/modelos/Obstaculo Abajo
  artifactKey: Guid(123e6b60c06b5414bbd6e833067eae4a) Importer(815301076,1909f56bfc062723c751e8b465ee728b)
Start importing Assets/modelos/Obstaculo Abajo using Guid(123e6b60c06b5414bbd6e833067eae4a) Importer(815301076,1909f56bfc062723c751e8b465ee728b)  -> (artifact id: '50ae14603ca896ba88f48b5cbf583239') in 0.006905 seconds 
========================================================================
Received Import Request.
  Time since last request: 1.009180 seconds.
  path: Assets/modelos/Obstaculo Abajo/source
  artifactKey: Guid(b655dfd6824d86e4ea22091b6a20f79b) Importer(815301076,1909f56bfc062723c751e8b465ee728b)
Start importing Assets/modelos/Obstaculo Abajo/source using Guid(b655dfd6824d86e4ea22091b6a20f79b) Importer(815301076,1909f56bfc062723c751e8b465ee728b)  -> (artifact id: '4130d7a6a696feccd6fcbc688fe5c686') in 0.002337 seconds 
========================================================================
Received Import Request.
  Time since last request: 101.928689 seconds.
  path: Assets/modelos/Tronco
  artifactKey: Guid(cb615a54650f8904ea6e9482835c67d8) Importer(815301076,1909f56bfc062723c751e8b465ee728b)
Start importing Assets/modelos/Tronco using Guid(cb615a54650f8904ea6e9482835c67d8) Importer(815301076,1909f56bfc062723c751e8b465ee728b)  -> (artifact id: '54e5f851229165caadc61cf5f8b149c0') in 0.006674 seconds 
========================================================================
Received Import Request.
  Time since last request: 1.332936 seconds.
  path: Assets/modelos/Tronco/source
  artifactKey: Guid(dc33a6ddde51606418ee2feff467b379) Importer(815301076,1909f56bfc062723c751e8b465ee728b)
Start importing Assets/modelos/Tronco/source using Guid(dc33a6ddde51606418ee2feff467b379) Importer(815301076,1909f56bfc062723c751e8b465ee728b)  -> (artifact id: 'fad75cb126093e83d511a6568a686ef7') in 0.007991 seconds 
========================================================================
Received Import Request.
  Time since last request: 87.740444 seconds.
  path: Assets/modelos/Tronco/source/Madera.mat
  artifactKey: Guid(c89fd33d7057a2f4e9f12146550b17ad) Importer(815301076,1909f56bfc062723c751e8b465ee728b)
Start importing Assets/modelos/Tronco/source/Madera.mat using Guid(c89fd33d7057a2f4e9f12146550b17ad) Importer(815301076,1909f56bfc062723c751e8b465ee728b)  -> (artifact id: '2c29ac69d3a7d5a3ec9c8255d762bf6c') in 0.048730 seconds 
========================================================================
Received Import Request.
  Time since last request: 3.693333 seconds.
  path: Assets/modelos/Tronco/textures
  artifactKey: Guid(ac51f428d7a1a68499c11d9513ca55ac) Importer(815301076,1909f56bfc062723c751e8b465ee728b)
Start importing Assets/modelos/Tronco/textures using Guid(ac51f428d7a1a68499c11d9513ca55ac) Importer(815301076,1909f56bfc062723c751e8b465ee728b)  -> (artifact id: '8fc11f55d984aaba81a69486cbeef864') in 0.005568 seconds 
========================================================================
Received Import Request.
  Time since last request: 0.052673 seconds.
  path: Assets/modelos/Tronco/textures/internal_ground_ao_texture.jpeg
  artifactKey: Guid(d2923f137ccb0f34a8b69cb5b98cedef) Importer(815301076,1909f56bfc062723c751e8b465ee728b)
Start importing Assets/modelos/Tronco/textures/internal_ground_ao_texture.jpeg using Guid(d2923f137ccb0f34a8b69cb5b98cedef) Importer(815301076,1909f56bfc062723c751e8b465ee728b)  -> (artifact id: '6b085aed08cc8da0baf7e622263052bd') in 0.024506 seconds 
========================================================================
Received Import Request.
  Time since last request: 52.450704 seconds.
  path: Assets/modelos/Piedra
  artifactKey: Guid(a729bbc8b401f024282aeb8d2bb16821) Importer(815301076,1909f56bfc062723c751e8b465ee728b)
Start importing Assets/modelos/Piedra using Guid(a729bbc8b401f024282aeb8d2bb16821) Importer(815301076,1909f56bfc062723c751e8b465ee728b)  -> (artifact id: 'c55cf6b5542c2f320623dc9c2d422a68') in 0.007477 seconds 
========================================================================
Received Import Request.
  Time since last request: 1.104895 seconds.
  path: Assets/modelos/Piedra/source
  artifactKey: Guid(f22c40f233dfc904e90912ca1de9217f) Importer(815301076,1909f56bfc062723c751e8b465ee728b)
Start importing Assets/modelos/Piedra/source using Guid(f22c40f233dfc904e90912ca1de9217f) Importer(815301076,1909f56bfc062723c751e8b465ee728b)  -> (artifact id: '2c6fbefeed817a3434ed561e40ab18d7') in 0.001769 seconds 
========================================================================
Received Prepare
Registering precompiled user dll's ...
Registered in 0.003337 seconds.
Begin MonoManager ReloadAssembly
Symbol file LoadedFromMemory doesn't match image D:\Prog 3D 2\endless runner\Library\PackageCache\com.unity.visualscripting@1.7.6\Editor\VisualScripting.Core\Dependencies\YamlDotNet\Unity.VisualScripting.YamlDotNet.dll
Symbol file LoadedFromMemory doesn't match image D:\Prog 3D 2\endless runner\Library\PackageCache\com.unity.visualscripting@1.7.6\Editor\VisualScripting.Core\Dependencies\DotNetZip\Unity.VisualScripting.IonicZip.dll
Native extension for WindowsStandalone target not found
Native extension for Android target not found
Refreshing native plugins compatible for Editor in 0.55 ms, found 3 plugins.
Preloading 0 native plugins for Editor in 0.00 ms.
Mono: successfully reloaded assembly
- Completed reload, in  0.963 seconds
Domain Reload Profiling:
	ReloadAssembly (964ms)
		BeginReloadAssembly (116ms)
			ExecutionOrderSort (0ms)
			DisableScriptedObjects (3ms)
			BackupInstance (0ms)
			ReleaseScriptingObjects (0ms)
			CreateAndSetChildDomain (35ms)
		EndReloadAssembly (757ms)
			LoadAssemblies (68ms)
			RebuildTransferFunctionScriptingTraits (0ms)
			SetupTypeCache (243ms)
			ReleaseScriptCaches (1ms)
			RebuildScriptCaches (37ms)
			SetupLoadedEditorAssemblies (354ms)
				LogAssemblyErrors (0ms)
				InitializePlatformSupportModulesInManaged (21ms)
				SetLoadedEditorAssemblies (0ms)
				RefreshPlugins (1ms)
				BeforeProcessingInitializeOnLoad (76ms)
				ProcessInitializeOnLoadAttributes (211ms)
				ProcessInitializeOnLoadMethodAttributes (39ms)
				AfterProcessingInitializeOnLoad (6ms)
				EditorAssembliesLoaded (0ms)
			ExecutionOrderSort2 (0ms)
			AwakeInstancesAfterBackupRestoration (5ms)
Platform modules already initialized, skipping
Refreshing native plugins compatible for Editor in 2.06 ms, found 3 plugins.
Preloading 0 native plugins for Editor in 0.00 ms.
Unloading 3362 Unused Serialized files (Serialized files now loaded: 0)
Unloading 19 unused Assets / (79.0 KB). Loaded Objects now: 3886.
Memory consumption went from 133.4 MB to 133.3 MB.
Total: 2.451400 ms (FindLiveObjects: 0.204500 ms CreateObjectMapping: 0.102200 ms MarkObjects: 2.067800 ms  DeleteObjects: 0.075800 ms)

AssetImportParameters requested are different than current active one (requested -> active):
  custom:video-decoder-ogg-theora: a1e56fd34408186e4bbccfd4996cb3dc -> 
  custom:container-muxer-webm: aa71ff27fc2769a1b78a27578f13a17b -> 
  custom:container-demuxer-webm: 4f35f7cbe854078d1ac9338744f61a02 -> 
  custom:video-encoder-webm-vp8: eb34c28f22e8b96e1ab97ce403110664 -> 
  custom:audio-encoder-webm-vorbis: bf7c407c2cedff20999df2af8eb42d56 -> 
  custom:framework-win-MediaFoundation: 216162199b28c13a410421893ffa2e32 -> 
  custom:container-demuxer-ogg: 62fdf1f143b41e24485cea50d1cbac27 -> 
  custom:video-decoder-webm-vp8: 9c59270c3fd7afecdb556c50c9e8de78 -> 
  custom:audio-decoder-ogg-vorbis: bf7c407c2cedff20999df2af8eb42d56 -> 
========================================================================
Received Import Request.
  Time since last request: 177.733979 seconds.
  path: Assets/prefabs/prefab 3.prefab
  artifactKey: Guid(199af87fd55ecb040be50aaab622c62d) Importer(815301076,1909f56bfc062723c751e8b465ee728b)
Start importing Assets/prefabs/prefab 3.prefab using Guid(199af87fd55ecb040be50aaab622c62d) Importer(815301076,1909f56bfc062723c751e8b465ee728b)  -> (artifact id: 'fc0661dcfc6c53719b5dba392e42464c') in 0.113023 seconds 
========================================================================
Received Import Request.
  Time since last request: 26.190685 seconds.
  path: Assets/prefabs/Sphere.prefab
  artifactKey: Guid(e799190481e16e74f988ea90b4b886d0) Importer(815301076,1909f56bfc062723c751e8b465ee728b)
Start importing Assets/prefabs/Sphere.prefab using Guid(e799190481e16e74f988ea90b4b886d0) Importer(815301076,1909f56bfc062723c751e8b465ee728b)  -> (artifact id: 'c091e5c1516b9f5f53572c90d126e868') in 0.025567 seconds 
========================================================================
Received Import Request.
  Time since last request: 3.340716 seconds.
  path: Assets/prefabs/Sphere.prefab
  artifactKey: Guid(e799190481e16e74f988ea90b4b886d0) Importer(815301076,1909f56bfc062723c751e8b465ee728b)
Start importing Assets/prefabs/Sphere.prefab using Guid(e799190481e16e74f988ea90b4b886d0) Importer(815301076,1909f56bfc062723c751e8b465ee728b)  -> (artifact id: 'bfc8d98abd5fb9d860aed935a6df4715') in 0.021303 seconds 
========================================================================
Received Prepare
Registering precompiled user dll's ...
Registered in 0.003392 seconds.
Begin MonoManager ReloadAssembly
Symbol file LoadedFromMemory doesn't match image D:\Prog 3D 2\endless runner\Library\PackageCache\com.unity.visualscripting@1.7.6\Editor\VisualScripting.Core\Dependencies\YamlDotNet\Unity.VisualScripting.YamlDotNet.dll
Symbol file LoadedFromMemory doesn't match image D:\Prog 3D 2\endless runner\Library\PackageCache\com.unity.visualscripting@1.7.6\Editor\VisualScripting.Core\Dependencies\DotNetZip\Unity.VisualScripting.IonicZip.dll
Native extension for WindowsStandalone target not found
Native extension for Android target not found
Refreshing native plugins compatible for Editor in 0.63 ms, found 3 plugins.
Preloading 0 native plugins for Editor in 0.00 ms.
Mono: successfully reloaded assembly
- Completed reload, in  0.972 seconds
Domain Reload Profiling:
	ReloadAssembly (972ms)
		BeginReloadAssembly (128ms)
			ExecutionOrderSort (0ms)
			DisableScriptedObjects (4ms)
			BackupInstance (0ms)
			ReleaseScriptingObjects (0ms)
			CreateAndSetChildDomain (37ms)
		EndReloadAssembly (760ms)
			LoadAssemblies (73ms)
			RebuildTransferFunctionScriptingTraits (0ms)
			SetupTypeCache (258ms)
			ReleaseScriptCaches (1ms)
			RebuildScriptCaches (48ms)
			SetupLoadedEditorAssemblies (340ms)
				LogAssemblyErrors (0ms)
				InitializePlatformSupportModulesInManaged (22ms)
				SetLoadedEditorAssemblies (0ms)
				RefreshPlugins (1ms)
				BeforeProcessingInitializeOnLoad (65ms)
				ProcessInitializeOnLoadAttributes (217ms)
				ProcessInitializeOnLoadMethodAttributes (29ms)
				AfterProcessingInitializeOnLoad (5ms)
				EditorAssembliesLoaded (0ms)
			ExecutionOrderSort2 (0ms)
			AwakeInstancesAfterBackupRestoration (5ms)
Platform modules already initialized, skipping
Refreshing native plugins compatible for Editor in 4.53 ms, found 3 plugins.
Preloading 0 native plugins for Editor in 0.00 ms.
Unloading 3362 Unused Serialized files (Serialized files now loaded: 0)
Unloading 19 unused Assets / (79.0 KB). Loaded Objects now: 3889.
Memory consumption went from 133.4 MB to 133.3 MB.
Total: 2.334200 ms (FindLiveObjects: 0.204900 ms CreateObjectMapping: 0.105200 ms MarkObjects: 1.950500 ms  DeleteObjects: 0.071900 ms)

AssetImportParameters requested are different than current active one (requested -> active):
  custom:video-decoder-ogg-theora: a1e56fd34408186e4bbccfd4996cb3dc -> 
  custom:container-muxer-webm: aa71ff27fc2769a1b78a27578f13a17b -> 
  custom:container-demuxer-webm: 4f35f7cbe854078d1ac9338744f61a02 -> 
  custom:video-encoder-webm-vp8: eb34c28f22e8b96e1ab97ce403110664 -> 
  custom:audio-encoder-webm-vorbis: bf7c407c2cedff20999df2af8eb42d56 -> 
  custom:framework-win-MediaFoundation: 216162199b28c13a410421893ffa2e32 -> 
  custom:container-demuxer-ogg: 62fdf1f143b41e24485cea50d1cbac27 -> 
  custom:video-decoder-webm-vp8: 9c59270c3fd7afecdb556c50c9e8de78 -> 
  custom:audio-decoder-ogg-vorbis: bf7c407c2cedff20999df2af8eb42d56 -> 
========================================================================
Received Import Request.
  Time since last request: 73.737761 seconds.
  path: Assets/prefabs/Sphere.prefab
  artifactKey: Guid(e799190481e16e74f988ea90b4b886d0) Importer(815301076,1909f56bfc062723c751e8b465ee728b)
Start importing Assets/prefabs/Sphere.prefab using Guid(e799190481e16e74f988ea90b4b886d0) Importer(815301076,1909f56bfc062723c751e8b465ee728b)  -> (artifact id: '20f848f68324d03ba987c5da3f49a3b6') in 0.079205 seconds 
========================================================================
Received Import Request.
  Time since last request: 2.514266 seconds.
  path: Assets/prefabs/Sphere.prefab
  artifactKey: Guid(e799190481e16e74f988ea90b4b886d0) Importer(815301076,1909f56bfc062723c751e8b465ee728b)
Start importing Assets/prefabs/Sphere.prefab using Guid(e799190481e16e74f988ea90b4b886d0) Importer(815301076,1909f56bfc062723c751e8b465ee728b)  -> (artifact id: '7a2b64834bf9e5e4618a9649edb3d43a') in 0.017562 seconds 
========================================================================
Received Prepare
Registering precompiled user dll's ...
Registered in 0.002354 seconds.
Begin MonoManager ReloadAssembly
Symbol file LoadedFromMemory doesn't match image D:\Prog 3D 2\endless runner\Library\PackageCache\com.unity.visualscripting@1.7.6\Editor\VisualScripting.Core\Dependencies\YamlDotNet\Unity.VisualScripting.YamlDotNet.dll
Symbol file LoadedFromMemory doesn't match image D:\Prog 3D 2\endless runner\Library\PackageCache\com.unity.visualscripting@1.7.6\Editor\VisualScripting.Core\Dependencies\DotNetZip\Unity.VisualScripting.IonicZip.dll
Native extension for WindowsStandalone target not found
Native extension for Android target not found
Refreshing native plugins compatible for Editor in 0.44 ms, found 3 plugins.
Preloading 0 native plugins for Editor in 0.00 ms.
Mono: successfully reloaded assembly
- Completed reload, in  0.941 seconds
Domain Reload Profiling:
	ReloadAssembly (942ms)
		BeginReloadAssembly (120ms)
			ExecutionOrderSort (0ms)
			DisableScriptedObjects (3ms)
			BackupInstance (0ms)
			ReleaseScriptingObjects (0ms)
			CreateAndSetChildDomain (34ms)
		EndReloadAssembly (726ms)
			LoadAssemblies (74ms)
			RebuildTransferFunctionScriptingTraits (0ms)
			SetupTypeCache (239ms)
			ReleaseScriptCaches (1ms)
			RebuildScriptCaches (39ms)
			SetupLoadedEditorAssemblies (341ms)
				LogAssemblyErrors (0ms)
				InitializePlatformSupportModulesInManaged (19ms)
				SetLoadedEditorAssemblies (0ms)
				RefreshPlugins (1ms)
				BeforeProcessingInitializeOnLoad (64ms)
				ProcessInitializeOnLoadAttributes (222ms)
				ProcessInitializeOnLoadMethodAttributes (28ms)
				AfterProcessingInitializeOnLoad (7ms)
				EditorAssembliesLoaded (0ms)
			ExecutionOrderSort2 (0ms)
			AwakeInstancesAfterBackupRestoration (5ms)
Platform modules already initialized, skipping
Refreshing native plugins compatible for Editor in 1.69 ms, found 3 plugins.
Preloading 0 native plugins for Editor in 0.00 ms.
Unloading 3362 Unused Serialized files (Serialized files now loaded: 0)
Unloading 19 unused Assets / (79.1 KB). Loaded Objects now: 3892.
Memory consumption went from 133.5 MB to 133.4 MB.
Total: 2.654800 ms (FindLiveObjects: 0.233900 ms CreateObjectMapping: 0.135300 ms MarkObjects: 2.194800 ms  DeleteObjects: 0.089500 ms)

AssetImportParameters requested are different than current active one (requested -> active):
  custom:video-decoder-ogg-theora: a1e56fd34408186e4bbccfd4996cb3dc -> 
  custom:container-muxer-webm: aa71ff27fc2769a1b78a27578f13a17b -> 
  custom:container-demuxer-webm: 4f35f7cbe854078d1ac9338744f61a02 -> 
  custom:video-encoder-webm-vp8: eb34c28f22e8b96e1ab97ce403110664 -> 
  custom:audio-encoder-webm-vorbis: bf7c407c2cedff20999df2af8eb42d56 -> 
  custom:framework-win-MediaFoundation: 216162199b28c13a410421893ffa2e32 -> 
  custom:container-demuxer-ogg: 62fdf1f143b41e24485cea50d1cbac27 -> 
  custom:video-decoder-webm-vp8: 9c59270c3fd7afecdb556c50c9e8de78 -> 
  custom:audio-decoder-ogg-vorbis: bf7c407c2cedff20999df2af8eb42d56 -> 
========================================================================
Received Import Request.
  Time since last request: 26.481021 seconds.
  path: Assets/prefabs/Sphere.prefab
  artifactKey: Guid(e799190481e16e74f988ea90b4b886d0) Importer(815301076,1909f56bfc062723c751e8b465ee728b)
Start importing Assets/prefabs/Sphere.prefab using Guid(e799190481e16e74f988ea90b4b886d0) Importer(815301076,1909f56bfc062723c751e8b465ee728b)  -> (artifact id: '80f4a74ba82706a6a720da5b6f99e089') in 0.076641 seconds 
========================================================================
Received Import Request.
  Time since last request: 2.508135 seconds.
  path: Assets/prefabs/Sphere.prefab
  artifactKey: Guid(e799190481e16e74f988ea90b4b886d0) Importer(815301076,1909f56bfc062723c751e8b465ee728b)
Start importing Assets/prefabs/Sphere.prefab using Guid(e799190481e16e74f988ea90b4b886d0) Importer(815301076,1909f56bfc062723c751e8b465ee728b)  -> (artifact id: '854a98e32103205e2e70f4457d92cbf7') in 0.022736 seconds 
========================================================================
Received Prepare
Registering precompiled user dll's ...
Registered in 0.002783 seconds.
Begin MonoManager ReloadAssembly
Symbol file LoadedFromMemory doesn't match image D:\Prog 3D 2\endless runner\Library\PackageCache\com.unity.visualscripting@1.7.6\Editor\VisualScripting.Core\Dependencies\YamlDotNet\Unity.VisualScripting.YamlDotNet.dll
Symbol file LoadedFromMemory doesn't match image D:\Prog 3D 2\endless runner\Library\PackageCache\com.unity.visualscripting@1.7.6\Editor\VisualScripting.Core\Dependencies\DotNetZip\Unity.VisualScripting.IonicZip.dll
Native extension for WindowsStandalone target not found
Native extension for Android target not found
Refreshing native plugins compatible for Editor in 1.25 ms, found 3 plugins.
Preloading 0 native plugins for Editor in 0.00 ms.
Mono: successfully reloaded assembly
- Completed reload, in  0.941 seconds
Domain Reload Profiling:
	ReloadAssembly (941ms)
		BeginReloadAssembly (115ms)
			ExecutionOrderSort (0ms)
			DisableScriptedObjects (4ms)
			BackupInstance (0ms)
			ReleaseScriptingObjects (0ms)
			CreateAndSetChildDomain (36ms)
		EndReloadAssembly (743ms)
			LoadAssemblies (63ms)
			RebuildTransferFunctionScriptingTraits (0ms)
			SetupTypeCache (245ms)
			ReleaseScriptCaches (1ms)
			RebuildScriptCaches (49ms)
			SetupLoadedEditorAssemblies (333ms)
				LogAssemblyErrors (0ms)
				InitializePlatformSupportModulesInManaged (22ms)
				SetLoadedEditorAssemblies (1ms)
				RefreshPlugins (1ms)
				BeforeProcessingInitializeOnLoad (65ms)
				ProcessInitializeOnLoadAttributes (210ms)
				ProcessInitializeOnLoadMethodAttributes (29ms)
				AfterProcessingInitializeOnLoad (4ms)
				EditorAssembliesLoaded (0ms)
			ExecutionOrderSort2 (0ms)
			AwakeInstancesAfterBackupRestoration (7ms)
Platform modules already initialized, skipping
Refreshing native plugins compatible for Editor in 1.46 ms, found 3 plugins.
Preloading 0 native plugins for Editor in 0.00 ms.
Unloading 3362 Unused Serialized files (Serialized files now loaded: 0)
Unloading 19 unused Assets / (79.0 KB). Loaded Objects now: 3895.
Memory consumption went from 133.5 MB to 133.4 MB.
Total: 2.442800 ms (FindLiveObjects: 0.221700 ms CreateObjectMapping: 0.105300 ms MarkObjects: 2.048900 ms  DeleteObjects: 0.065300 ms)

AssetImportParameters requested are different than current active one (requested -> active):
  custom:video-decoder-ogg-theora: a1e56fd34408186e4bbccfd4996cb3dc -> 
  custom:container-muxer-webm: aa71ff27fc2769a1b78a27578f13a17b -> 
  custom:container-demuxer-webm: 4f35f7cbe854078d1ac9338744f61a02 -> 
  custom:video-encoder-webm-vp8: eb34c28f22e8b96e1ab97ce403110664 -> 
  custom:audio-encoder-webm-vorbis: bf7c407c2cedff20999df2af8eb42d56 -> 
  custom:framework-win-MediaFoundation: 216162199b28c13a410421893ffa2e32 -> 
  custom:container-demuxer-ogg: 62fdf1f143b41e24485cea50d1cbac27 -> 
  custom:video-decoder-webm-vp8: 9c59270c3fd7afecdb556c50c9e8de78 -> 
  custom:audio-decoder-ogg-vorbis: bf7c407c2cedff20999df2af8eb42d56 -> 
========================================================================
Received Import Request.
  Time since last request: 27.782962 seconds.
  path: Assets/prefabs/Sphere.prefab
  artifactKey: Guid(e799190481e16e74f988ea90b4b886d0) Importer(815301076,1909f56bfc062723c751e8b465ee728b)
Start importing Assets/prefabs/Sphere.prefab using Guid(e799190481e16e74f988ea90b4b886d0) Importer(815301076,1909f56bfc062723c751e8b465ee728b)  -> (artifact id: 'ad9ab02b6c6e567fc7de4999a2e59040') in 0.076855 seconds 
========================================================================
Received Import Request.
  Time since last request: 4.748411 seconds.
  path: Assets/prefabs/Sphere.prefab
  artifactKey: Guid(e799190481e16e74f988ea90b4b886d0) Importer(815301076,1909f56bfc062723c751e8b465ee728b)
Start importing Assets/prefabs/Sphere.prefab using Guid(e799190481e16e74f988ea90b4b886d0) Importer(815301076,1909f56bfc062723c751e8b465ee728b)  -> (artifact id: '549d7e7e35614f07ea726e53ecfaf3bd') in 0.042755 seconds 
========================================================================
Received Import Request.
  Time since last request: 2.367717 seconds.
  path: Assets/prefabs/Sphere.prefab
  artifactKey: Guid(e799190481e16e74f988ea90b4b886d0) Importer(815301076,1909f56bfc062723c751e8b465ee728b)
Start importing Assets/prefabs/Sphere.prefab using Guid(e799190481e16e74f988ea90b4b886d0) Importer(815301076,1909f56bfc062723c751e8b465ee728b)  -> (artifact id: 'da6c61471c791cae255534c51dc77092') in 0.019891 seconds 
========================================================================
Received Import Request.
  Time since last request: 8.214883 seconds.
  path: Assets/prefabs/Sphere.prefab
  artifactKey: Guid(e799190481e16e74f988ea90b4b886d0) Importer(815301076,1909f56bfc062723c751e8b465ee728b)
Start importing Assets/prefabs/Sphere.prefab using Guid(e799190481e16e74f988ea90b4b886d0) Importer(815301076,1909f56bfc062723c751e8b465ee728b)  -> (artifact id: 'd72d01b9a3ee7dceebf8acce11a4191e') in 0.037517 seconds 
========================================================================
Received Import Request.
  Time since last request: 3.791312 seconds.
  path: Assets/prefabs/Sphere.prefab
  artifactKey: Guid(e799190481e16e74f988ea90b4b886d0) Importer(815301076,1909f56bfc062723c751e8b465ee728b)
Start importing Assets/prefabs/Sphere.prefab using Guid(e799190481e16e74f988ea90b4b886d0) Importer(815301076,1909f56bfc062723c751e8b465ee728b)  -> (artifact id: 'bc5cfe2a2487a91ff3df032039c1a5c7') in 0.021497 seconds 
========================================================================
Received Import Request.
  Time since last request: 5.626976 seconds.
  path: Assets/prefabs/Sphere.prefab
  artifactKey: Guid(e799190481e16e74f988ea90b4b886d0) Importer(815301076,1909f56bfc062723c751e8b465ee728b)
Start importing Assets/prefabs/Sphere.prefab using Guid(e799190481e16e74f988ea90b4b886d0) Importer(815301076,1909f56bfc062723c751e8b465ee728b)  -> (artifact id: 'cb9cdfc29871d80a5fc26f0cab69e2da') in 0.036894 seconds 
========================================================================
Received Import Request.
  Time since last request: 6.593869 seconds.
  path: Assets/prefabs/Sphere.prefab
  artifactKey: Guid(e799190481e16e74f988ea90b4b886d0) Importer(815301076,1909f56bfc062723c751e8b465ee728b)
Start importing Assets/prefabs/Sphere.prefab using Guid(e799190481e16e74f988ea90b4b886d0) Importer(815301076,1909f56bfc062723c751e8b465ee728b)  -> (artifact id: '98bd4ce258a9810a31b6c63d8a676cbe') in 0.021722 seconds 
========================================================================
Received Import Request.
  Time since last request: 4.375098 seconds.
  path: Assets/prefabs/Sphere.prefab
  artifactKey: Guid(e799190481e16e74f988ea90b4b886d0) Importer(815301076,1909f56bfc062723c751e8b465ee728b)
Start importing Assets/prefabs/Sphere.prefab using Guid(e799190481e16e74f988ea90b4b886d0) Importer(815301076,1909f56bfc062723c751e8b465ee728b)  -> (artifact id: '9751233a600a8ff3df0afd024022afe3') in 0.023842 seconds 
========================================================================
Received Prepare
Registering precompiled user dll's ...
Registered in 0.002639 seconds.
Begin MonoManager ReloadAssembly
Symbol file LoadedFromMemory doesn't match image D:\Prog 3D 2\endless runner\Library\PackageCache\com.unity.visualscripting@1.7.6\Editor\VisualScripting.Core\Dependencies\YamlDotNet\Unity.VisualScripting.YamlDotNet.dll
Symbol file LoadedFromMemory doesn't match image D:\Prog 3D 2\endless runner\Library\PackageCache\com.unity.visualscripting@1.7.6\Editor\VisualScripting.Core\Dependencies\DotNetZip\Unity.VisualScripting.IonicZip.dll
Native extension for WindowsStandalone target not found
Native extension for Android target not found
Refreshing native plugins compatible for Editor in 0.66 ms, found 3 plugins.
Preloading 0 native plugins for Editor in 0.00 ms.
Mono: successfully reloaded assembly
- Completed reload, in  0.909 seconds
Domain Reload Profiling:
	ReloadAssembly (909ms)
		BeginReloadAssembly (119ms)
			ExecutionOrderSort (0ms)
			DisableScriptedObjects (4ms)
			BackupInstance (0ms)
			ReleaseScriptingObjects (0ms)
			CreateAndSetChildDomain (37ms)
		EndReloadAssembly (711ms)
			LoadAssemblies (68ms)
			RebuildTransferFunctionScriptingTraits (0ms)
			SetupTypeCache (229ms)
			ReleaseScriptCaches (1ms)
			RebuildScriptCaches (42ms)
			SetupLoadedEditorAssemblies (324ms)
				LogAssemblyErrors (0ms)
				InitializePlatformSupportModulesInManaged (24ms)
				SetLoadedEditorAssemblies (0ms)
				RefreshPlugins (1ms)
				BeforeProcessingInitializeOnLoad (62ms)
				ProcessInitializeOnLoadAttributes (204ms)
				ProcessInitializeOnLoadMethodAttributes (27ms)
				AfterProcessingInitializeOnLoad (5ms)
				EditorAssembliesLoaded (0ms)
			ExecutionOrderSort2 (0ms)
			AwakeInstancesAfterBackupRestoration (7ms)
Platform modules already initialized, skipping
Refreshing native plugins compatible for Editor in 1.90 ms, found 3 plugins.
Preloading 0 native plugins for Editor in 0.00 ms.
Unloading 3362 Unused Serialized files (Serialized files now loaded: 0)
Unloading 19 unused Assets / (79.0 KB). Loaded Objects now: 3898.
Memory consumption went from 133.5 MB to 133.5 MB.
Total: 2.539900 ms (FindLiveObjects: 0.236100 ms CreateObjectMapping: 0.157300 ms MarkObjects: 2.067800 ms  DeleteObjects: 0.077700 ms)

AssetImportParameters requested are different than current active one (requested -> active):
  custom:video-decoder-ogg-theora: a1e56fd34408186e4bbccfd4996cb3dc -> 
  custom:container-muxer-webm: aa71ff27fc2769a1b78a27578f13a17b -> 
  custom:container-demuxer-webm: 4f35f7cbe854078d1ac9338744f61a02 -> 
  custom:video-encoder-webm-vp8: eb34c28f22e8b96e1ab97ce403110664 -> 
  custom:audio-encoder-webm-vorbis: bf7c407c2cedff20999df2af8eb42d56 -> 
  custom:framework-win-MediaFoundation: 216162199b28c13a410421893ffa2e32 -> 
  custom:container-demuxer-ogg: 62fdf1f143b41e24485cea50d1cbac27 -> 
  custom:video-decoder-webm-vp8: 9c59270c3fd7afecdb556c50c9e8de78 -> 
  custom:audio-decoder-ogg-vorbis: bf7c407c2cedff20999df2af8eb42d56 -> 
========================================================================
Received Import Request.
  Time since last request: 51.494379 seconds.
  path: Assets/prefabs/prefab 3.prefab
  artifactKey: Guid(199af87fd55ecb040be50aaab622c62d) Importer(815301076,1909f56bfc062723c751e8b465ee728b)
Start importing Assets/prefabs/prefab 3.prefab using Guid(199af87fd55ecb040be50aaab622c62d) Importer(815301076,1909f56bfc062723c751e8b465ee728b)  -> (artifact id: 'c5b937922d9ade1508d28119fd3f3b9f') in 0.133201 seconds 
========================================================================
Received Import Request.
  Time since last request: 5.315875 seconds.
  path: Assets/prefabs/prefab 3.prefab
  artifactKey: Guid(199af87fd55ecb040be50aaab622c62d) Importer(815301076,1909f56bfc062723c751e8b465ee728b)
Start importing Assets/prefabs/prefab 3.prefab using Guid(199af87fd55ecb040be50aaab622c62d) Importer(815301076,1909f56bfc062723c751e8b465ee728b)  -> (artifact id: '7817913ab9fd7a0f53cd0bc723e46792') in 0.048142 seconds 
========================================================================
Received Import Request.
  Time since last request: 5.998751 seconds.
  path: Assets/prefabs/prefab 3.prefab
  artifactKey: Guid(199af87fd55ecb040be50aaab622c62d) Importer(815301076,1909f56bfc062723c751e8b465ee728b)
Start importing Assets/prefabs/prefab 3.prefab using Guid(199af87fd55ecb040be50aaab622c62d) Importer(815301076,1909f56bfc062723c751e8b465ee728b)  -> (artifact id: 'f9c1c51acc781a64b7bb4a05ea986820') in 0.034955 seconds 
========================================================================
Received Import Request.
  Time since last request: 14.704037 seconds.
  path: Assets/prefabs/prefab 3.prefab
  artifactKey: Guid(199af87fd55ecb040be50aaab622c62d) Importer(815301076,1909f56bfc062723c751e8b465ee728b)
Start importing Assets/prefabs/prefab 3.prefab using Guid(199af87fd55ecb040be50aaab622c62d) Importer(815301076,1909f56bfc062723c751e8b465ee728b)  -> (artifact id: 'd92b7ed8871de9da29e30434571027ee') in 0.047104 seconds 
========================================================================
Received Import Request.
  Time since last request: 11.047599 seconds.
  path: Assets/prefabs/prefab 3.prefab
  artifactKey: Guid(199af87fd55ecb040be50aaab622c62d) Importer(815301076,1909f56bfc062723c751e8b465ee728b)
Start importing Assets/prefabs/prefab 3.prefab using Guid(199af87fd55ecb040be50aaab622c62d) Importer(815301076,1909f56bfc062723c751e8b465ee728b)  -> (artifact id: '6887a33b139ed181f7dcc8245667f543') in 0.038150 seconds 
========================================================================
Received Import Request.
  Time since last request: 8.041164 seconds.
  path: Assets/prefabs/prefab 3.prefab
  artifactKey: Guid(199af87fd55ecb040be50aaab622c62d) Importer(815301076,1909f56bfc062723c751e8b465ee728b)
Start importing Assets/prefabs/prefab 3.prefab using Guid(199af87fd55ecb040be50aaab622c62d) Importer(815301076,1909f56bfc062723c751e8b465ee728b)  -> (artifact id: '595697800a1cf3c2a32a98bdb6d301e9') in 0.034589 seconds 
========================================================================
Received Import Request.
  Time since last request: 8.439711 seconds.
  path: Assets/prefabs/prefab 3.prefab
  artifactKey: Guid(199af87fd55ecb040be50aaab622c62d) Importer(815301076,1909f56bfc062723c751e8b465ee728b)
Start importing Assets/prefabs/prefab 3.prefab using Guid(199af87fd55ecb040be50aaab622c62d) Importer(815301076,1909f56bfc062723c751e8b465ee728b)  -> (artifact id: '6166bddfe47d86c1f8aac5838eb0157d') in 0.044537 seconds 
========================================================================
Received Import Request.
  Time since last request: 8.650958 seconds.
  path: Assets/prefabs/prefab 3.prefab
  artifactKey: Guid(199af87fd55ecb040be50aaab622c62d) Importer(815301076,1909f56bfc062723c751e8b465ee728b)
Start importing Assets/prefabs/prefab 3.prefab using Guid(199af87fd55ecb040be50aaab622c62d) Importer(815301076,1909f56bfc062723c751e8b465ee728b)  -> (artifact id: '60445c875a1ab7f54e4b45008c3fc0a3') in 0.050588 seconds 
========================================================================
Received Import Request.
  Time since last request: 3.137841 seconds.
  path: Assets/prefabs/prefab 3.prefab
  artifactKey: Guid(199af87fd55ecb040be50aaab622c62d) Importer(815301076,1909f56bfc062723c751e8b465ee728b)
Start importing Assets/prefabs/prefab 3.prefab using Guid(199af87fd55ecb040be50aaab622c62d) Importer(815301076,1909f56bfc062723c751e8b465ee728b)  -> (artifact id: 'f2d0da0b481122128cca8659b7e4624d') in 0.049156 seconds 
========================================================================
Received Import Request.
  Time since last request: 3.202187 seconds.
  path: Assets/prefabs/prefab 3.prefab
  artifactKey: Guid(199af87fd55ecb040be50aaab622c62d) Importer(815301076,1909f56bfc062723c751e8b465ee728b)
Start importing Assets/prefabs/prefab 3.prefab using Guid(199af87fd55ecb040be50aaab622c62d) Importer(815301076,1909f56bfc062723c751e8b465ee728b)  -> (artifact id: '289f5ebfc7567b6c7123c452e9c7cd7d') in 0.043980 seconds 
========================================================================
Received Import Request.
  Time since last request: 2.865857 seconds.
  path: Assets/prefabs/prefab 3.prefab
  artifactKey: Guid(199af87fd55ecb040be50aaab622c62d) Importer(815301076,1909f56bfc062723c751e8b465ee728b)
Start importing Assets/prefabs/prefab 3.prefab using Guid(199af87fd55ecb040be50aaab622c62d) Importer(815301076,1909f56bfc062723c751e8b465ee728b)  -> (artifact id: 'edd4b633168131413c41bff414d99286') in 0.033249 seconds 
========================================================================
Received Import Request.
  Time since last request: 5.392393 seconds.
  path: Assets/prefabs/prefab 3.prefab
  artifactKey: Guid(199af87fd55ecb040be50aaab622c62d) Importer(815301076,1909f56bfc062723c751e8b465ee728b)
Start importing Assets/prefabs/prefab 3.prefab using Guid(199af87fd55ecb040be50aaab622c62d) Importer(815301076,1909f56bfc062723c751e8b465ee728b)  -> (artifact id: '09bee6ac807b5c43c646685db7b2a3d4') in 0.043242 seconds 
========================================================================
Received Prepare
Registering precompiled user dll's ...
Registered in 0.002189 seconds.
Begin MonoManager ReloadAssembly
Symbol file LoadedFromMemory doesn't match image D:\Prog 3D 2\endless runner\Library\PackageCache\com.unity.visualscripting@1.7.6\Editor\VisualScripting.Core\Dependencies\YamlDotNet\Unity.VisualScripting.YamlDotNet.dll
Symbol file LoadedFromMemory doesn't match image D:\Prog 3D 2\endless runner\Library\PackageCache\com.unity.visualscripting@1.7.6\Editor\VisualScripting.Core\Dependencies\DotNetZip\Unity.VisualScripting.IonicZip.dll
Native extension for WindowsStandalone target not found
Native extension for Android target not found
Refreshing native plugins compatible for Editor in 0.54 ms, found 3 plugins.
Preloading 0 native plugins for Editor in 0.00 ms.
Mono: successfully reloaded assembly
- Completed reload, in  0.824 seconds
Domain Reload Profiling:
	ReloadAssembly (825ms)
		BeginReloadAssembly (108ms)
			ExecutionOrderSort (0ms)
			DisableScriptedObjects (4ms)
			BackupInstance (0ms)
			ReleaseScriptingObjects (0ms)
			CreateAndSetChildDomain (31ms)
		EndReloadAssembly (638ms)
			LoadAssemblies (65ms)
			RebuildTransferFunctionScriptingTraits (0ms)
			SetupTypeCache (216ms)
			ReleaseScriptCaches (1ms)
			RebuildScriptCaches (38ms)
			SetupLoadedEditorAssemblies (283ms)
				LogAssemblyErrors (0ms)
				InitializePlatformSupportModulesInManaged (18ms)
				SetLoadedEditorAssemblies (0ms)
				RefreshPlugins (1ms)
				BeforeProcessingInitializeOnLoad (54ms)
				ProcessInitializeOnLoadAttributes (179ms)
				ProcessInitializeOnLoadMethodAttributes (25ms)
				AfterProcessingInitializeOnLoad (6ms)
				EditorAssembliesLoaded (0ms)
			ExecutionOrderSort2 (0ms)
			AwakeInstancesAfterBackupRestoration (6ms)
Platform modules already initialized, skipping
Refreshing native plugins compatible for Editor in 1.67 ms, found 3 plugins.
Preloading 0 native plugins for Editor in 0.00 ms.
Unloading 3362 Unused Serialized files (Serialized files now loaded: 0)
Unloading 19 unused Assets / (79.0 KB). Loaded Objects now: 3901.
Memory consumption went from 133.6 MB to 133.5 MB.
Total: 2.513200 ms (FindLiveObjects: 0.244000 ms CreateObjectMapping: 0.139100 ms MarkObjects: 2.035200 ms  DeleteObjects: 0.093900 ms)

AssetImportParameters requested are different than current active one (requested -> active):
  custom:video-decoder-ogg-theora: a1e56fd34408186e4bbccfd4996cb3dc -> 
  custom:container-muxer-webm: aa71ff27fc2769a1b78a27578f13a17b -> 
  custom:container-demuxer-webm: 4f35f7cbe854078d1ac9338744f61a02 -> 
  custom:video-encoder-webm-vp8: eb34c28f22e8b96e1ab97ce403110664 -> 
  custom:audio-encoder-webm-vorbis: bf7c407c2cedff20999df2af8eb42d56 -> 
  custom:framework-win-MediaFoundation: 216162199b28c13a410421893ffa2e32 -> 
  custom:container-demuxer-ogg: 62fdf1f143b41e24485cea50d1cbac27 -> 
  custom:video-decoder-webm-vp8: 9c59270c3fd7afecdb556c50c9e8de78 -> 
  custom:audio-decoder-ogg-vorbis: bf7c407c2cedff20999df2af8eb42d56 -> 
========================================================================
Received Import Request.
  Time since last request: 2101.252901 seconds.
  path: Assets/prefabs/prefab 3.prefab
  artifactKey: Guid(199af87fd55ecb040be50aaab622c62d) Importer(815301076,1909f56bfc062723c751e8b465ee728b)
Start importing Assets/prefabs/prefab 3.prefab using Guid(199af87fd55ecb040be50aaab622c62d) Importer(815301076,1909f56bfc062723c751e8b465ee728b)  -> (artifact id: 'aa18604b6d090e8404f6338d50217a06') in 0.086860 seconds 
========================================================================
Received Import Request.
  Time since last request: 2.618055 seconds.
  path: Assets/prefabs/prefab 3.prefab
  artifactKey: Guid(199af87fd55ecb040be50aaab622c62d) Importer(815301076,1909f56bfc062723c751e8b465ee728b)
Start importing Assets/prefabs/prefab 3.prefab using Guid(199af87fd55ecb040be50aaab622c62d) Importer(815301076,1909f56bfc062723c751e8b465ee728b)  -> (artifact id: 'ea2d335891cf94af14c5b72252afa5f6') in 0.038047 seconds 
========================================================================
Received Import Request.
  Time since last request: 1.820371 seconds.
  path: Assets/prefabs/prefab 3.prefab
  artifactKey: Guid(199af87fd55ecb040be50aaab622c62d) Importer(815301076,1909f56bfc062723c751e8b465ee728b)
Start importing Assets/prefabs/prefab 3.prefab using Guid(199af87fd55ecb040be50aaab622c62d) Importer(815301076,1909f56bfc062723c751e8b465ee728b)  -> (artifact id: 'd22dda5d36e99b46ddfaf57c8bc5d337') in 0.028573 seconds 
========================================================================
Received Import Request.
  Time since last request: 3.603488 seconds.
  path: Assets/prefabs/prefab 3.prefab
  artifactKey: Guid(199af87fd55ecb040be50aaab622c62d) Importer(815301076,1909f56bfc062723c751e8b465ee728b)
Start importing Assets/prefabs/prefab 3.prefab using Guid(199af87fd55ecb040be50aaab622c62d) Importer(815301076,1909f56bfc062723c751e8b465ee728b)  -> (artifact id: '1ee042408d898e549cd09a6a483fbb0a') in 0.046252 seconds 
========================================================================
Received Import Request.
  Time since last request: 1.180235 seconds.
  path: Assets/prefabs/prefab 3.prefab
  artifactKey: Guid(199af87fd55ecb040be50aaab622c62d) Importer(815301076,1909f56bfc062723c751e8b465ee728b)
Start importing Assets/prefabs/prefab 3.prefab using Guid(199af87fd55ecb040be50aaab622c62d) Importer(815301076,1909f56bfc062723c751e8b465ee728b)  -> (artifact id: 'f29a9bbdc635c9746d02ae3f31be3048') in 0.045554 seconds 
========================================================================
Received Prepare
Registering precompiled user dll's ...
Registered in 0.002176 seconds.
Begin MonoManager ReloadAssembly
Symbol file LoadedFromMemory doesn't match image D:\Prog 3D 2\endless runner\Library\PackageCache\com.unity.visualscripting@1.7.6\Editor\VisualScripting.Core\Dependencies\YamlDotNet\Unity.VisualScripting.YamlDotNet.dll
Symbol file LoadedFromMemory doesn't match image D:\Prog 3D 2\endless runner\Library\PackageCache\com.unity.visualscripting@1.7.6\Editor\VisualScripting.Core\Dependencies\DotNetZip\Unity.VisualScripting.IonicZip.dll
Native extension for WindowsStandalone target not found
Native extension for Android target not found
Refreshing native plugins compatible for Editor in 0.48 ms, found 3 plugins.
Preloading 0 native plugins for Editor in 0.00 ms.
Mono: successfully reloaded assembly
- Completed reload, in  0.888 seconds
Domain Reload Profiling:
	ReloadAssembly (888ms)
		BeginReloadAssembly (108ms)
			ExecutionOrderSort (0ms)
			DisableScriptedObjects (4ms)
			BackupInstance (0ms)
			ReleaseScriptingObjects (0ms)
			CreateAndSetChildDomain (33ms)
		EndReloadAssembly (688ms)
			LoadAssemblies (60ms)
			RebuildTransferFunctionScriptingTraits (0ms)
			SetupTypeCache (230ms)
			ReleaseScriptCaches (1ms)
			RebuildScriptCaches (41ms)
			SetupLoadedEditorAssemblies (310ms)
				LogAssemblyErrors (0ms)
				InitializePlatformSupportModulesInManaged (21ms)
				SetLoadedEditorAssemblies (0ms)
				RefreshPlugins (1ms)
				BeforeProcessingInitializeOnLoad (63ms)
				ProcessInitializeOnLoadAttributes (192ms)
				ProcessInitializeOnLoadMethodAttributes (28ms)
				AfterProcessingInitializeOnLoad (5ms)
				EditorAssembliesLoaded (0ms)
			ExecutionOrderSort2 (0ms)
			AwakeInstancesAfterBackupRestoration (6ms)
Platform modules already initialized, skipping
Refreshing native plugins compatible for Editor in 1.30 ms, found 3 plugins.
Preloading 0 native plugins for Editor in 0.00 ms.
Unloading 3362 Unused Serialized files (Serialized files now loaded: 0)
Unloading 19 unused Assets / (78.9 KB). Loaded Objects now: 3904.
Memory consumption went from 133.6 MB to 133.5 MB.
Total: 2.664600 ms (FindLiveObjects: 0.225100 ms CreateObjectMapping: 0.120800 ms MarkObjects: 2.215200 ms  DeleteObjects: 0.102600 ms)

AssetImportParameters requested are different than current active one (requested -> active):
  custom:video-decoder-ogg-theora: a1e56fd34408186e4bbccfd4996cb3dc -> 
  custom:container-muxer-webm: aa71ff27fc2769a1b78a27578f13a17b -> 
  custom:container-demuxer-webm: 4f35f7cbe854078d1ac9338744f61a02 -> 
  custom:video-encoder-webm-vp8: eb34c28f22e8b96e1ab97ce403110664 -> 
  custom:audio-encoder-webm-vorbis: bf7c407c2cedff20999df2af8eb42d56 -> 
  custom:framework-win-MediaFoundation: 216162199b28c13a410421893ffa2e32 -> 
  custom:container-demuxer-ogg: 62fdf1f143b41e24485cea50d1cbac27 -> 
  custom:video-decoder-webm-vp8: 9c59270c3fd7afecdb556c50c9e8de78 -> 
  custom:audio-decoder-ogg-vorbis: bf7c407c2cedff20999df2af8eb42d56 -> 
========================================================================
Received Prepare
Registering precompiled user dll's ...
Registered in 0.002165 seconds.
Begin MonoManager ReloadAssembly
Symbol file LoadedFromMemory doesn't match image D:\Prog 3D 2\endless runner\Library\PackageCache\com.unity.visualscripting@1.7.6\Editor\VisualScripting.Core\Dependencies\YamlDotNet\Unity.VisualScripting.YamlDotNet.dll
Symbol file LoadedFromMemory doesn't match image D:\Prog 3D 2\endless runner\Library\PackageCache\com.unity.visualscripting@1.7.6\Editor\VisualScripting.Core\Dependencies\DotNetZip\Unity.VisualScripting.IonicZip.dll
Native extension for WindowsStandalone target not found
Native extension for Android target not found
Refreshing native plugins compatible for Editor in 0.53 ms, found 3 plugins.
Preloading 0 native plugins for Editor in 0.00 ms.
Mono: successfully reloaded assembly
- Completed reload, in  0.856 seconds
Domain Reload Profiling:
	ReloadAssembly (857ms)
		BeginReloadAssembly (104ms)
			ExecutionOrderSort (0ms)
			DisableScriptedObjects (4ms)
			BackupInstance (0ms)
			ReleaseScriptingObjects (0ms)
			CreateAndSetChildDomain (27ms)
		EndReloadAssembly (678ms)
			LoadAssemblies (63ms)
			RebuildTransferFunctionScriptingTraits (0ms)
			SetupTypeCache (233ms)
			ReleaseScriptCaches (1ms)
			RebuildScriptCaches (36ms)
			SetupLoadedEditorAssemblies (305ms)
				LogAssemblyErrors (0ms)
				InitializePlatformSupportModulesInManaged (21ms)
				SetLoadedEditorAssemblies (0ms)
				RefreshPlugins (1ms)
				BeforeProcessingInitializeOnLoad (58ms)
				ProcessInitializeOnLoadAttributes (192ms)
				ProcessInitializeOnLoadMethodAttributes (26ms)
				AfterProcessingInitializeOnLoad (6ms)
				EditorAssembliesLoaded (0ms)
			ExecutionOrderSort2 (0ms)
			AwakeInstancesAfterBackupRestoration (6ms)
Platform modules already initialized, skipping
Refreshing native plugins compatible for Editor in 1.31 ms, found 3 plugins.
Preloading 0 native plugins for Editor in 0.00 ms.
Unloading 3362 Unused Serialized files (Serialized files now loaded: 0)
Unloading 19 unused Assets / (79.0 KB). Loaded Objects now: 3907.
Memory consumption went from 133.6 MB to 133.5 MB.
Total: 2.416500 ms (FindLiveObjects: 0.209700 ms CreateObjectMapping: 0.094500 ms MarkObjects: 2.015800 ms  DeleteObjects: 0.095300 ms)

AssetImportParameters requested are different than current active one (requested -> active):
  custom:video-decoder-ogg-theora: a1e56fd34408186e4bbccfd4996cb3dc -> 
  custom:container-muxer-webm: aa71ff27fc2769a1b78a27578f13a17b -> 
  custom:container-demuxer-webm: 4f35f7cbe854078d1ac9338744f61a02 -> 
  custom:video-encoder-webm-vp8: eb34c28f22e8b96e1ab97ce403110664 -> 
  custom:audio-encoder-webm-vorbis: bf7c407c2cedff20999df2af8eb42d56 -> 
  custom:framework-win-MediaFoundation: 216162199b28c13a410421893ffa2e32 -> 
  custom:container-demuxer-ogg: 62fdf1f143b41e24485cea50d1cbac27 -> 
  custom:video-decoder-webm-vp8: 9c59270c3fd7afecdb556c50c9e8de78 -> 
  custom:audio-decoder-ogg-vorbis: bf7c407c2cedff20999df2af8eb42d56 -> 
========================================================================
Received Import Request.
  Time since last request: 76.826280 seconds.
  path: Assets/prefabs/prefab 3.prefab
  artifactKey: Guid(199af87fd55ecb040be50aaab622c62d) Importer(815301076,1909f56bfc062723c751e8b465ee728b)
Start importing Assets/prefabs/prefab 3.prefab using Guid(199af87fd55ecb040be50aaab622c62d) Importer(815301076,1909f56bfc062723c751e8b465ee728b)  -> (artifact id: '0d5409f451f8a8657b29cc42d50e769f') in 0.089670 seconds 
========================================================================
Received Import Request.
  Time since last request: 9.683626 seconds.
  path: Assets/prefabs/prefab 3.prefab
  artifactKey: Guid(199af87fd55ecb040be50aaab622c62d) Importer(815301076,1909f56bfc062723c751e8b465ee728b)
Start importing Assets/prefabs/prefab 3.prefab using Guid(199af87fd55ecb040be50aaab622c62d) Importer(815301076,1909f56bfc062723c751e8b465ee728b)  -> (artifact id: '5f5c82ce12672bd3c8407a7448c06606') in 0.041280 seconds 
========================================================================
Received Import Request.
  Time since last request: 2.063100 seconds.
  path: Assets/prefabs/prefab 3.prefab
  artifactKey: Guid(199af87fd55ecb040be50aaab622c62d) Importer(815301076,1909f56bfc062723c751e8b465ee728b)
Start importing Assets/prefabs/prefab 3.prefab using Guid(199af87fd55ecb040be50aaab622c62d) Importer(815301076,1909f56bfc062723c751e8b465ee728b)  -> (artifact id: 'effa34fab17fb6701e50edf6f3cbcdf1') in 0.032082 seconds 
========================================================================
Received Prepare
Registering precompiled user dll's ...
Registered in 0.002829 seconds.
Begin MonoManager ReloadAssembly
Symbol file LoadedFromMemory doesn't match image D:\Prog 3D 2\endless runner\Library\PackageCache\com.unity.visualscripting@1.7.6\Editor\VisualScripting.Core\Dependencies\YamlDotNet\Unity.VisualScripting.YamlDotNet.dll
Symbol file LoadedFromMemory doesn't match image D:\Prog 3D 2\endless runner\Library\PackageCache\com.unity.visualscripting@1.7.6\Editor\VisualScripting.Core\Dependencies\DotNetZip\Unity.VisualScripting.IonicZip.dll
Native extension for WindowsStandalone target not found
Native extension for Android target not found
Refreshing native plugins compatible for Editor in 0.78 ms, found 3 plugins.
Preloading 0 native plugins for Editor in 0.00 ms.
Mono: successfully reloaded assembly
- Completed reload, in  1.045 seconds
Domain Reload Profiling:
	ReloadAssembly (1045ms)
		BeginReloadAssembly (110ms)
			ExecutionOrderSort (0ms)
			DisableScriptedObjects (4ms)
			BackupInstance (0ms)
			ReleaseScriptingObjects (0ms)
			CreateAndSetChildDomain (29ms)
		EndReloadAssembly (855ms)
			LoadAssemblies (70ms)
			RebuildTransferFunctionScriptingTraits (0ms)
			SetupTypeCache (279ms)
			ReleaseScriptCaches (1ms)
			RebuildScriptCaches (48ms)
			SetupLoadedEditorAssemblies (401ms)
				LogAssemblyErrors (0ms)
				InitializePlatformSupportModulesInManaged (26ms)
				SetLoadedEditorAssemblies (1ms)
				RefreshPlugins (1ms)
				BeforeProcessingInitializeOnLoad (81ms)
				ProcessInitializeOnLoadAttributes (254ms)
				ProcessInitializeOnLoadMethodAttributes (32ms)
				AfterProcessingInitializeOnLoad (6ms)
				EditorAssembliesLoaded (0ms)
			ExecutionOrderSort2 (0ms)
			AwakeInstancesAfterBackupRestoration (6ms)
Platform modules already initialized, skipping
Refreshing native plugins compatible for Editor in 1.84 ms, found 3 plugins.
Preloading 0 native plugins for Editor in 0.00 ms.
Unloading 3362 Unused Serialized files (Serialized files now loaded: 0)
Unloading 19 unused Assets / (79.0 KB). Loaded Objects now: 3910.
Memory consumption went from 133.6 MB to 133.5 MB.
Total: 3.501100 ms (FindLiveObjects: 0.252700 ms CreateObjectMapping: 0.143400 ms MarkObjects: 3.016500 ms  DeleteObjects: 0.087000 ms)

AssetImportParameters requested are different than current active one (requested -> active):
  custom:video-decoder-ogg-theora: a1e56fd34408186e4bbccfd4996cb3dc -> 
  custom:container-muxer-webm: aa71ff27fc2769a1b78a27578f13a17b -> 
  custom:container-demuxer-webm: 4f35f7cbe854078d1ac9338744f61a02 -> 
  custom:video-encoder-webm-vp8: eb34c28f22e8b96e1ab97ce403110664 -> 
  custom:audio-encoder-webm-vorbis: bf7c407c2cedff20999df2af8eb42d56 -> 
  custom:framework-win-MediaFoundation: 216162199b28c13a410421893ffa2e32 -> 
  custom:container-demuxer-ogg: 62fdf1f143b41e24485cea50d1cbac27 -> 
  custom:video-decoder-webm-vp8: 9c59270c3fd7afecdb556c50c9e8de78 -> 
  custom:audio-decoder-ogg-vorbis: bf7c407c2cedff20999df2af8eb42d56 -> 
========================================================================
Received Import Request.
  Time since last request: 53.538318 seconds.
  path: Assets/prefabs/prefab 3.prefab
  artifactKey: Guid(199af87fd55ecb040be50aaab622c62d) Importer(815301076,1909f56bfc062723c751e8b465ee728b)
Start importing Assets/prefabs/prefab 3.prefab using Guid(199af87fd55ecb040be50aaab622c62d) Importer(815301076,1909f56bfc062723c751e8b465ee728b)  -> (artifact id: 'f5dc26c682bbfa5fd351ff6fd280e224') in 0.090877 seconds 
========================================================================
Received Prepare
Registering precompiled user dll's ...
Registered in 0.003107 seconds.
Begin MonoManager ReloadAssembly
Symbol file LoadedFromMemory doesn't match image D:\Prog 3D 2\endless runner\Library\PackageCache\com.unity.visualscripting@1.7.6\Editor\VisualScripting.Core\Dependencies\YamlDotNet\Unity.VisualScripting.YamlDotNet.dll
Symbol file LoadedFromMemory doesn't match image D:\Prog 3D 2\endless runner\Library\PackageCache\com.unity.visualscripting@1.7.6\Editor\VisualScripting.Core\Dependencies\DotNetZip\Unity.VisualScripting.IonicZip.dll
Native extension for WindowsStandalone target not found
Native extension for Android target not found
Refreshing native plugins compatible for Editor in 0.60 ms, found 3 plugins.
Preloading 0 native plugins for Editor in 0.00 ms.
Mono: successfully reloaded assembly
- Completed reload, in  0.813 seconds
Domain Reload Profiling:
	ReloadAssembly (813ms)
		BeginReloadAssembly (104ms)
			ExecutionOrderSort (0ms)
			DisableScriptedObjects (3ms)
			BackupInstance (0ms)
			ReleaseScriptingObjects (0ms)
			CreateAndSetChildDomain (28ms)
		EndReloadAssembly (634ms)
			LoadAssemblies (59ms)
			RebuildTransferFunctionScriptingTraits (0ms)
			SetupTypeCache (211ms)
			ReleaseScriptCaches (1ms)
			RebuildScriptCaches (36ms)
			SetupLoadedEditorAssemblies (288ms)
				LogAssemblyErrors (0ms)
				InitializePlatformSupportModulesInManaged (19ms)
				SetLoadedEditorAssemblies (0ms)
				RefreshPlugins (1ms)
				BeforeProcessingInitializeOnLoad (57ms)
				ProcessInitializeOnLoadAttributes (178ms)
				ProcessInitializeOnLoadMethodAttributes (27ms)
				AfterProcessingInitializeOnLoad (5ms)
				EditorAssembliesLoaded (0ms)
			ExecutionOrderSort2 (0ms)
			AwakeInstancesAfterBackupRestoration (6ms)
Platform modules already initialized, skipping
Refreshing native plugins compatible for Editor in 1.30 ms, found 3 plugins.
Preloading 0 native plugins for Editor in 0.00 ms.
Unloading 3362 Unused Serialized files (Serialized files now loaded: 0)
Unloading 19 unused Assets / (78.9 KB). Loaded Objects now: 3913.
Memory consumption went from 133.6 MB to 133.5 MB.
Total: 2.655700 ms (FindLiveObjects: 0.260700 ms CreateObjectMapping: 0.144500 ms MarkObjects: 2.164500 ms  DeleteObjects: 0.084600 ms)

AssetImportParameters requested are different than current active one (requested -> active):
  custom:video-decoder-ogg-theora: a1e56fd34408186e4bbccfd4996cb3dc -> 
  custom:container-muxer-webm: aa71ff27fc2769a1b78a27578f13a17b -> 
  custom:container-demuxer-webm: 4f35f7cbe854078d1ac9338744f61a02 -> 
  custom:video-encoder-webm-vp8: eb34c28f22e8b96e1ab97ce403110664 -> 
  custom:audio-encoder-webm-vorbis: bf7c407c2cedff20999df2af8eb42d56 -> 
  custom:framework-win-MediaFoundation: 216162199b28c13a410421893ffa2e32 -> 
  custom:container-demuxer-ogg: 62fdf1f143b41e24485cea50d1cbac27 -> 
  custom:video-decoder-webm-vp8: 9c59270c3fd7afecdb556c50c9e8de78 -> 
  custom:audio-decoder-ogg-vorbis: bf7c407c2cedff20999df2af8eb42d56 -> 
========================================================================
Received Import Request.
  Time since last request: 4659.511966 seconds.
  path: Assets/prefabs/prefab 2.prefab
  artifactKey: Guid(1217cd180d2f5244a8bfd3191965f14b) Importer(815301076,1909f56bfc062723c751e8b465ee728b)
Start importing Assets/prefabs/prefab 2.prefab using Guid(1217cd180d2f5244a8bfd3191965f14b) Importer(815301076,1909f56bfc062723c751e8b465ee728b)  -> (artifact id: 'dabf86bbfd5fccb1ddca4a22dbfaada4') in 0.083599 seconds 
========================================================================
Received Import Request.
  Time since last request: 3.291685 seconds.
  path: Assets/prefabs/prefab 2.prefab
  artifactKey: Guid(1217cd180d2f5244a8bfd3191965f14b) Importer(815301076,1909f56bfc062723c751e8b465ee728b)
Start importing Assets/prefabs/prefab 2.prefab using Guid(1217cd180d2f5244a8bfd3191965f14b) Importer(815301076,1909f56bfc062723c751e8b465ee728b)  -> (artifact id: '2f7dc0c8792466093f4883b713f631c6') in 0.008846 seconds 
========================================================================
Received Import Request.
  Time since last request: 3.210408 seconds.
  path: Assets/prefabs/prefab 2.prefab
  artifactKey: Guid(1217cd180d2f5244a8bfd3191965f14b) Importer(815301076,1909f56bfc062723c751e8b465ee728b)
Start importing Assets/prefabs/prefab 2.prefab using Guid(1217cd180d2f5244a8bfd3191965f14b) Importer(815301076,1909f56bfc062723c751e8b465ee728b)  -> (artifact id: 'c66745cb71ebb48570411746b8b48ac6') in 0.007902 seconds 
========================================================================
Received Import Request.
  Time since last request: 12.516967 seconds.
  path: Assets/modelos/Tronco/source/Madera.mat
  artifactKey: Guid(c89fd33d7057a2f4e9f12146550b17ad) Importer(815301076,1909f56bfc062723c751e8b465ee728b)
Start importing Assets/modelos/Tronco/source/Madera.mat using Guid(c89fd33d7057a2f4e9f12146550b17ad) Importer(815301076,1909f56bfc062723c751e8b465ee728b)  -> (artifact id: 'b12117436cb6acd2c667a4d839259498') in 0.024426 seconds 
========================================================================
Received Import Request.
  Time since last request: 344.114935 seconds.
  path: Assets/modelos/Piedra/textures
  artifactKey: Guid(0ed796cf09c1c064191013fc299dd2dc) Importer(815301076,1909f56bfc062723c751e8b465ee728b)
Start importing Assets/modelos/Piedra/textures using Guid(0ed796cf09c1c064191013fc299dd2dc) Importer(815301076,1909f56bfc062723c751e8b465ee728b)  -> (artifact id: 'd050ac001d3dcca9a5e196bc593c637e') in 0.006168 seconds 
========================================================================
Received Import Request.
  Time since last request: 0.035194 seconds.
  path: Assets/modelos/Piedra/textures/internal_ground_ao_texture.jpeg
  artifactKey: Guid(07974ec9c089e5b4c8fb31448e006421) Importer(815301076,1909f56bfc062723c751e8b465ee728b)
Start importing Assets/modelos/Piedra/textures/internal_ground_ao_texture.jpeg using Guid(07974ec9c089e5b4c8fb31448e006421) Importer(815301076,1909f56bfc062723c751e8b465ee728b)  -> (artifact id: 'a968368182867e5e31a882ef84694604') in 0.020275 seconds 
========================================================================
Received Import Request.
  Time since last request: 0.000031 seconds.
  path: Assets/modelos/Piedra/textures/Stone_MAT_Metallic.png
  artifactKey: Guid(c97b4c74641db314a96c5003359b83ef) Importer(815301076,1909f56bfc062723c751e8b465ee728b)
Start importing Assets/modelos/Piedra/textures/Stone_MAT_Metallic.png using Guid(c97b4c74641db314a96c5003359b83ef) Importer(815301076,1909f56bfc062723c751e8b465ee728b)  -> (artifact id: '2471d2f0ce3a47c644f2cfc7d1244316') in 0.015367 seconds 
========================================================================
Received Import Request.
  Time since last request: 0.000023 seconds.
  path: Assets/modelos/Piedra/textures/Stone_MAT_Normal.png
  artifactKey: Guid(ac512cc0172de1543b6e452b6c18c63c) Importer(815301076,1909f56bfc062723c751e8b465ee728b)
Start importing Assets/modelos/Piedra/textures/Stone_MAT_Normal.png using Guid(ac512cc0172de1543b6e452b6c18c63c) Importer(815301076,1909f56bfc062723c751e8b465ee728b)  -> (artifact id: '55a89812eeee685c3e5d7e89711eb7a4') in 0.022003 seconds 
Editor requested this worker to shutdown with reason: Scaling down because of idle timeout
AssetImportWorker is now disconnected from the server
Process exiting
Exiting without the bug reporter. Application will terminate with return code 0